c:\users\owner\source\repos\sb_ha_sln\sb_ha_sln\x64\release\vc142.pdb
c:\users\owner\source\repos\sb_ha_sln\sb_ha_sln\x64\release\sb_ha_sln.obj
c:\users\owner\source\repos\sb_ha_sln\sb_ha_sln\x64\release\noisereduction.obj
c:\users\owner\source\repos\sb_ha_sln\sb_ha_sln\x64\release\hearingaugmentation.obj
c:\users\owner\source\repos\sb_ha_sln\sb_ha_sln\x64\release\feedbackcanceller.obj
c:\users\owner\source\repos\sb_ha_sln\sb_ha_sln\x64\release\dynamicrangecompressor.obj
c:\users\owner\source\repos\sb_ha_sln\sb_ha_sln\x64\release\audiodatareader.obj
c:\users\owner\source\repos\sb_ha_sln\sb_ha_sln\x64\release\kiss_fftr.obj
c:\users\owner\source\repos\sb_ha_sln\sb_ha_sln\x64\release\kiss_fft.obj
c:\users\owner\source\repos\sb_ha_sln\x64\release\sb_ha_sln.exe
c:\users\owner\source\repos\sb_ha_sln\x64\release\sb_ha_sln.pdb
c:\users\owner\source\repos\sb_ha_sln\x64\release\sb_ha_sln.ipdb
c:\users\owner\source\repos\sb_ha_sln\x64\release\sb_ha_sln.iobj
c:\users\owner\source\repos\sb_ha_sln\sb_ha_sln\x64\release\sb_ha_sln.tlog\cl.command.1.tlog
c:\users\owner\source\repos\sb_ha_sln\sb_ha_sln\x64\release\sb_ha_sln.tlog\cl.read.1.tlog
c:\users\owner\source\repos\sb_ha_sln\sb_ha_sln\x64\release\sb_ha_sln.tlog\cl.write.1.tlog
c:\users\owner\source\repos\sb_ha_sln\sb_ha_sln\x64\release\sb_ha_sln.tlog\link.command.1.tlog
c:\users\owner\source\repos\sb_ha_sln\sb_ha_sln\x64\release\sb_ha_sln.tlog\link.delete.1.tlog
c:\users\owner\source\repos\sb_ha_sln\sb_ha_sln\x64\release\sb_ha_sln.tlog\link.read.1.tlog
c:\users\owner\source\repos\sb_ha_sln\sb_ha_sln\x64\release\sb_ha_sln.tlog\link.write.1.tlog
c:\users\owner\source\repos\sb_ha_sln\sb_ha_sln\x64\release\sb_ha_sln.tlog\sb_ha_sln.write.1u.tlog
